{"C:\\ReactDesignPatterns\\design-patterns\\src\\index.js": {"path":"C:\\ReactDesignPatterns\\design-patterns\\src\\index.js","statementMap":{"0":{"start":{"line":6,"column":0},"end":{"line":11,"column":2}},"1":{"start":{"line":16,"column":0},"end":{"line":16,"column":27}}},"fnMap":{},"branchMap":{},"s":{"0":0,"1":0},"f":{},"b":{},"hash":"eea0bbe885879faf183bd1f774afbbb0a295ccd1"}
,"C:\\ReactDesignPatterns\\design-patterns\\src\\components\\App.js": {"path":"C:\\ReactDesignPatterns\\design-patterns\\src\\components\\App.js","statementMap":{"0":{"start":{"line":15,"column":2},"end":{"line":42,"column":4}}},"fnMap":{"0":{"name":"App","decl":{"start":{"line":13,"column":9},"end":{"line":13,"column":12}},"loc":{"start":{"line":13,"column":15},"end":{"line":43,"column":1}},"line":13}},"branchMap":{},"s":{"0":1},"f":{"0":1},"b":{},"_coverageSchema":"43e27e138ebf9cfc5966b082cf9a028302ed4184","hash":"da55ded7522af75953bd93ce5df4a12800f823b3"}
,"C:\\ReactDesignPatterns\\design-patterns\\src\\components\\common\\Button.js": {"path":"C:\\ReactDesignPatterns\\design-patterns\\src\\components\\common\\Button.js","statementMap":{"0":{"start":{"line":3,"column":15},"end":{"line":27,"column":1}},"1":{"start":{"line":5,"column":18},"end":{"line":5,"column":77}},"2":{"start":{"line":7,"column":6},"end":{"line":15,"column":1}}},"fnMap":{"0":{"name":"(anonymous_0)","decl":{"start":{"line":5,"column":13},"end":{"line":5,"column":14}},"loc":{"start":{"line":5,"column":18},"end":{"line":5,"column":77}},"line":5},"1":{"name":"(anonymous_1)","decl":{"start":{"line":7,"column":2},"end":{"line":7,"column":3}},"loc":{"start":{"line":7,"column":6},"end":{"line":15,"column":1}},"line":7}},"branchMap":{"0":{"loc":{"start":{"line":5,"column":18},"end":{"line":5,"column":77}},"type":"cond-expr","locations":[{"start":{"line":5,"column":32},"end":{"line":5,"column":54}},{"start":{"line":5,"column":57},"end":{"line":5,"column":77}}],"line":5},"1":{"loc":{"start":{"line":7,"column":6},"end":{"line":15,"column":1}},"type":"cond-expr","locations":[{"start":{"line":7,"column":14},"end":{"line":11,"column":1}},{"start":{"line":11,"column":2},"end":{"line":15,"column":1}}],"line":7}},"s":{"0":1,"1":0,"2":0},"f":{"0":0,"1":0},"b":{"0":[0,0],"1":[0,0]},"_coverageSchema":"43e27e138ebf9cfc5966b082cf9a028302ed4184","hash":"a387389320028488b9e9e636a7d8090edfdc5abb"}
,"C:\\ReactDesignPatterns\\design-patterns\\src\\components\\common\\Header.js": {"path":"C:\\ReactDesignPatterns\\design-patterns\\src\\components\\common\\Header.js","statementMap":{"0":{"start":{"line":6,"column":22},"end":{"line":16,"column":1}},"1":{"start":{"line":14,"column":50},"end":{"line":14,"column":70}},"2":{"start":{"line":14,"column":80},"end":{"line":14,"column":102}},"3":{"start":{"line":15,"column":31},"end":{"line":15,"column":53}},"4":{"start":{"line":18,"column":13},"end":{"line":41,"column":1}},"5":{"start":{"line":19,"column":13},"end":{"line":19,"column":34}},"6":{"start":{"line":27,"column":31},"end":{"line":27,"column":53}},"7":{"start":{"line":43,"column":13},"end":{"line":49,"column":1}},"8":{"start":{"line":44,"column":4},"end":{"line":48,"column":6}},"9":{"start":{"line":50,"column":19},"end":{"line":58,"column":1}},"10":{"start":{"line":56,"column":18},"end":{"line":56,"column":46}},"11":{"start":{"line":60,"column":23},"end":{"line":75,"column":1}},"12":{"start":{"line":77,"column":32},"end":{"line":77,"column":47}},"13":{"start":{"line":78,"column":19},"end":{"line":78,"column":32}},"14":{"start":{"line":79,"column":22},"end":{"line":79,"column":46}},"15":{"start":{"line":81,"column":0},"end":{"line":98,"column":2}},"16":{"start":{"line":83,"column":35},"end":{"line":83,"column":55}},"17":{"start":{"line":83,"column":52},"end":{"line":83,"column":54}}},"fnMap":{"0":{"name":"(anonymous_0)","decl":{"start":{"line":14,"column":45},"end":{"line":14,"column":46}},"loc":{"start":{"line":14,"column":50},"end":{"line":14,"column":70}},"line":14},"1":{"name":"(anonymous_1)","decl":{"start":{"line":14,"column":75},"end":{"line":14,"column":76}},"loc":{"start":{"line":14,"column":80},"end":{"line":14,"column":102}},"line":14},"2":{"name":"(anonymous_2)","decl":{"start":{"line":15,"column":26},"end":{"line":15,"column":27}},"loc":{"start":{"line":15,"column":31},"end":{"line":15,"column":53}},"line":15},"3":{"name":"(anonymous_3)","decl":{"start":{"line":19,"column":10},"end":{"line":19,"column":11}},"loc":{"start":{"line":19,"column":13},"end":{"line":19,"column":34}},"line":19},"4":{"name":"(anonymous_4)","decl":{"start":{"line":27,"column":26},"end":{"line":27,"column":27}},"loc":{"start":{"line":27,"column":31},"end":{"line":27,"column":53}},"line":27},"5":{"name":"(anonymous_5)","decl":{"start":{"line":43,"column":13},"end":{"line":43,"column":14}},"loc":{"start":{"line":43,"column":47},"end":{"line":49,"column":1}},"line":43},"6":{"name":"(anonymous_6)","decl":{"start":{"line":56,"column":15},"end":{"line":56,"column":16}},"loc":{"start":{"line":56,"column":18},"end":{"line":56,"column":46}},"line":56},"7":{"name":"Header","decl":{"start":{"line":76,"column":16},"end":{"line":76,"column":22}},"loc":{"start":{"line":76,"column":24},"end":{"line":100,"column":1}},"line":76},"8":{"name":"(anonymous_8)","decl":{"start":{"line":83,"column":29},"end":{"line":83,"column":30}},"loc":{"start":{"line":83,"column":35},"end":{"line":83,"column":55}},"line":83},"9":{"name":"(anonymous_9)","decl":{"start":{"line":83,"column":47},"end":{"line":83,"column":48}},"loc":{"start":{"line":83,"column":52},"end":{"line":83,"column":54}},"line":83}},"branchMap":{"0":{"loc":{"start":{"line":19,"column":13},"end":{"line":19,"column":34}},"type":"cond-expr","locations":[{"start":{"line":19,"column":20},"end":{"line":19,"column":27}},{"start":{"line":19,"column":28},"end":{"line":19,"column":34}}],"line":19},"1":{"loc":{"start":{"line":56,"column":18},"end":{"line":56,"column":46}},"type":"cond-expr","locations":[{"start":{"line":56,"column":31},"end":{"line":56,"column":37}},{"start":{"line":56,"column":38},"end":{"line":56,"column":46}}],"line":56}},"s":{"0":1,"1":0,"2":0,"3":0,"4":1,"5":0,"6":0,"7":1,"8":0,"9":1,"10":0,"11":1,"12":0,"13":0,"14":0,"15":0,"16":0,"17":0},"f":{"0":0,"1":0,"2":0,"3":0,"4":0,"5":0,"6":0,"7":0,"8":0,"9":0},"b":{"0":[0,0],"1":[0,0]},"_coverageSchema":"43e27e138ebf9cfc5966b082cf9a028302ed4184","hash":"63008e157915b2931d8d23ef377f64c4f3edb605"}
,"C:\\ReactDesignPatterns\\design-patterns\\src\\components\\common\\Input.js": {"path":"C:\\ReactDesignPatterns\\design-patterns\\src\\components\\common\\Input.js","statementMap":{"0":{"start":{"line":3,"column":14},"end":{"line":13,"column":1}}},"fnMap":{},"branchMap":{},"s":{"0":1},"f":{},"b":{},"_coverageSchema":"43e27e138ebf9cfc5966b082cf9a028302ed4184","hash":"7842b3b81e26311480919c5da05192a5e2fb78c7"}
,"C:\\ReactDesignPatterns\\design-patterns\\src\\components\\common\\NavBar.js": {"path":"C:\\ReactDesignPatterns\\design-patterns\\src\\components\\common\\NavBar.js","statementMap":{"0":{"start":{"line":5,"column":4},"end":{"line":27,"column":12}}},"fnMap":{"0":{"name":"NavBar","decl":{"start":{"line":4,"column":9},"end":{"line":4,"column":15}},"loc":{"start":{"line":4,"column":17},"end":{"line":28,"column":1}},"line":4}},"branchMap":{},"s":{"0":0},"f":{"0":0},"b":{},"_coverageSchema":"43e27e138ebf9cfc5966b082cf9a028302ed4184","hash":"55eb09b1575ca699f35af52f56b77b9b64bb4207"}
,"C:\\ReactDesignPatterns\\design-patterns\\src\\components\\common\\PageLayout.js": {"path":"C:\\ReactDesignPatterns\\design-patterns\\src\\components\\common\\PageLayout.js","statementMap":{"0":{"start":{"line":5,"column":16},"end":{"line":15,"column":2}},"1":{"start":{"line":18,"column":4},"end":{"line":25,"column":5}}},"fnMap":{"0":{"name":"PageLayout","decl":{"start":{"line":17,"column":16},"end":{"line":17,"column":26}},"loc":{"start":{"line":17,"column":39},"end":{"line":26,"column":1}},"line":17}},"branchMap":{},"s":{"0":1,"1":0},"f":{"0":0},"b":{},"_coverageSchema":"43e27e138ebf9cfc5966b082cf9a028302ed4184","hash":"d8c322961366774c637f291866cd615b7b7de0e5"}
,"C:\\ReactDesignPatterns\\design-patterns\\src\\components\\common\\PasswordInput.js": {"path":"C:\\ReactDesignPatterns\\design-patterns\\src\\components\\common\\PasswordInput.js","statementMap":{"0":{"start":{"line":5,"column":27},"end":{"line":10,"column":1}},"1":{"start":{"line":12,"column":28},"end":{"line":18,"column":1}},"2":{"start":{"line":12,"column":55},"end":{"line":15,"column":1}},"3":{"start":{"line":20,"column":21},"end":{"line":35,"column":1}},"4":{"start":{"line":38,"column":42},"end":{"line":38,"column":56}},"5":{"start":{"line":40,"column":2},"end":{"line":50,"column":4}},"6":{"start":{"line":44,"column":37},"end":{"line":44,"column":61}},"7":{"start":{"line":44,"column":58},"end":{"line":44,"column":60}}},"fnMap":{"0":{"name":"(anonymous_0)","decl":{"start":{"line":12,"column":48},"end":{"line":12,"column":49}},"loc":{"start":{"line":12,"column":55},"end":{"line":15,"column":1}},"line":12},"1":{"name":"PasswordInput","decl":{"start":{"line":37,"column":16},"end":{"line":37,"column":29}},"loc":{"start":{"line":37,"column":37},"end":{"line":51,"column":1}},"line":37},"2":{"name":"(anonymous_2)","decl":{"start":{"line":44,"column":31},"end":{"line":44,"column":32}},"loc":{"start":{"line":44,"column":37},"end":{"line":44,"column":61}},"line":44},"3":{"name":"(anonymous_3)","decl":{"start":{"line":44,"column":53},"end":{"line":44,"column":54}},"loc":{"start":{"line":44,"column":58},"end":{"line":44,"column":60}},"line":44}},"branchMap":{"0":{"loc":{"start":{"line":45,"column":11},"end":{"line":45,"column":41}},"type":"cond-expr","locations":[{"start":{"line":45,"column":26},"end":{"line":45,"column":32}},{"start":{"line":45,"column":35},"end":{"line":45,"column":41}}],"line":45},"1":{"loc":{"start":{"line":48,"column":12},"end":{"line":48,"column":43}},"type":"cond-expr","locations":[{"start":{"line":48,"column":27},"end":{"line":48,"column":38}},{"start":{"line":48,"column":41},"end":{"line":48,"column":43}}],"line":48}},"s":{"0":1,"1":1,"2":0,"3":1,"4":0,"5":0,"6":0,"7":0},"f":{"0":0,"1":0,"2":0,"3":0},"b":{"0":[0,0],"1":[0,0]},"_coverageSchema":"43e27e138ebf9cfc5966b082cf9a028302ed4184","hash":"c23b31620e6cd33207d78c277cb5802da415c781"}
,"C:\\ReactDesignPatterns\\design-patterns\\src\\components\\common\\Spinner.js": {"path":"C:\\ReactDesignPatterns\\design-patterns\\src\\components\\common\\Spinner.js","statementMap":{"0":{"start":{"line":4,"column":17},"end":{"line":11,"column":1}},"1":{"start":{"line":14,"column":16},"end":{"line":23,"column":1}}},"fnMap":{},"branchMap":{},"s":{"0":1,"1":1},"f":{},"b":{},"_coverageSchema":"43e27e138ebf9cfc5966b082cf9a028302ed4184","hash":"0fa17040debc5f461f0c203627ba8fb1848d4d4b"}
,"C:\\ReactDesignPatterns\\design-patterns\\src\\components\\common\\ThemedButton.js": {"path":"C:\\ReactDesignPatterns\\design-patterns\\src\\components\\common\\ThemedButton.js","statementMap":{"0":{"start":{"line":6,"column":16},"end":{"line":6,"column":26}},"1":{"start":{"line":7,"column":16},"end":{"line":7,"column":28}},"2":{"start":{"line":8,"column":4},"end":{"line":13,"column":6}},"3":{"start":{"line":16,"column":0},"end":{"line":16,"column":40}}},"fnMap":{"0":{"name":"(anonymous_0)","decl":{"start":{"line":5,"column":2},"end":{"line":5,"column":3}},"loc":{"start":{"line":5,"column":11},"end":{"line":14,"column":3}},"line":5}},"branchMap":{},"s":{"0":0,"1":0,"2":0,"3":1},"f":{"0":0},"b":{},"_coverageSchema":"43e27e138ebf9cfc5966b082cf9a028302ed4184","hash":"35a99193e1efabaa5b722d53a1a8217ca08da94e"}
,"C:\\ReactDesignPatterns\\design-patterns\\src\\components\\common\\Toggle.js": {"path":"C:\\ReactDesignPatterns\\design-patterns\\src\\components\\common\\Toggle.js","statementMap":{"0":{"start":{"line":4,"column":22},"end":{"line":13,"column":1}},"1":{"start":{"line":12,"column":56},"end":{"line":12,"column":76}},"2":{"start":{"line":12,"column":86},"end":{"line":12,"column":108}},"3":{"start":{"line":15,"column":14},"end":{"line":23,"column":5}},"4":{"start":{"line":22,"column":32},"end":{"line":22,"column":58}},"5":{"start":{"line":26,"column":4},"end":{"line":30,"column":5}}},"fnMap":{"0":{"name":"(anonymous_0)","decl":{"start":{"line":12,"column":51},"end":{"line":12,"column":52}},"loc":{"start":{"line":12,"column":56},"end":{"line":12,"column":76}},"line":12},"1":{"name":"(anonymous_1)","decl":{"start":{"line":12,"column":81},"end":{"line":12,"column":82}},"loc":{"start":{"line":12,"column":86},"end":{"line":12,"column":108}},"line":12},"2":{"name":"(anonymous_2)","decl":{"start":{"line":22,"column":27},"end":{"line":22,"column":28}},"loc":{"start":{"line":22,"column":32},"end":{"line":22,"column":58}},"line":22},"3":{"name":"Toggle","decl":{"start":{"line":25,"column":16},"end":{"line":25,"column":22}},"loc":{"start":{"line":25,"column":42},"end":{"line":31,"column":1}},"line":25}},"branchMap":{"0":{"loc":{"start":{"line":22,"column":32},"end":{"line":22,"column":58}},"type":"cond-expr","locations":[{"start":{"line":22,"column":45},"end":{"line":22,"column":51}},{"start":{"line":22,"column":53},"end":{"line":22,"column":58}}],"line":22}},"s":{"0":1,"1":0,"2":0,"3":1,"4":0,"5":0},"f":{"0":0,"1":0,"2":0,"3":0},"b":{"0":[0,0]},"_coverageSchema":"43e27e138ebf9cfc5966b082cf9a028302ed4184","hash":"57c17148f420c0550f44f52ee16600929a4e7fef"}
,"C:\\ReactDesignPatterns\\design-patterns\\src\\components\\common\\index.js": {"path":"C:\\ReactDesignPatterns\\design-patterns\\src\\components\\common\\index.js","statementMap":{},"fnMap":{},"branchMap":{},"s":{},"f":{},"b":{},"_coverageSchema":"43e27e138ebf9cfc5966b082cf9a028302ed4184","hash":"a67c371d8df747f7f83bf70c5afb8fd352276a2c"}
,"C:\\ReactDesignPatterns\\design-patterns\\src\\components\\componundcomp\\CompoundComp.js": {"path":"C:\\ReactDesignPatterns\\design-patterns\\src\\components\\componundcomp\\CompoundComp.js","statementMap":{"0":{"start":{"line":3,"column":20},"end":{"line":3,"column":43}},"1":{"start":{"line":4,"column":21},"end":{"line":4,"column":41}},"2":{"start":{"line":5,"column":21},"end":{"line":5,"column":41}},"3":{"start":{"line":9,"column":10},"end":{"line":11,"column":3}},"4":{"start":{"line":14,"column":4},"end":{"line":31,"column":6}},"5":{"start":{"line":21,"column":16},"end":{"line":23,"column":19}},"6":{"start":{"line":35,"column":18},"end":{"line":43,"column":1}},"7":{"start":{"line":36,"column":2},"end":{"line":42,"column":4}},"8":{"start":{"line":39,"column":8},"end":{"line":39,"column":62}},"9":{"start":{"line":45,"column":14},"end":{"line":55,"column":1}},"10":{"start":{"line":46,"column":2},"end":{"line":54,"column":17}},"11":{"start":{"line":48,"column":6},"end":{"line":52,"column":8}},"12":{"start":{"line":49,"column":28},"end":{"line":49,"column":57}},"13":{"start":{"line":57,"column":14},"end":{"line":82,"column":1}},"14":{"start":{"line":58,"column":2},"end":{"line":81,"column":4}},"15":{"start":{"line":84,"column":15},"end":{"line":112,"column":1}},"16":{"start":{"line":85,"column":2},"end":{"line":111,"column":4}},"17":{"start":{"line":114,"column":21},"end":{"line":138,"column":1}},"18":{"start":{"line":115,"column":2},"end":{"line":137,"column":4}}},"fnMap":{"0":{"name":"(anonymous_0)","decl":{"start":{"line":13,"column":2},"end":{"line":13,"column":3}},"loc":{"start":{"line":13,"column":11},"end":{"line":32,"column":3}},"line":13},"1":{"name":"(anonymous_1)","decl":{"start":{"line":20,"column":27},"end":{"line":20,"column":28}},"loc":{"start":{"line":20,"column":39},"end":{"line":24,"column":15}},"line":20},"2":{"name":"(anonymous_2)","decl":{"start":{"line":35,"column":18},"end":{"line":35,"column":19}},"loc":{"start":{"line":35,"column":27},"end":{"line":43,"column":1}},"line":35},"3":{"name":"(anonymous_3)","decl":{"start":{"line":38,"column":7},"end":{"line":38,"column":8}},"loc":{"start":{"line":39,"column":8},"end":{"line":39,"column":62}},"line":39},"4":{"name":"(anonymous_4)","decl":{"start":{"line":45,"column":14},"end":{"line":45,"column":15}},"loc":{"start":{"line":46,"column":2},"end":{"line":54,"column":17}},"line":46},"5":{"name":"(anonymous_5)","decl":{"start":{"line":47,"column":5},"end":{"line":47,"column":6}},"loc":{"start":{"line":47,"column":22},"end":{"line":53,"column":5}},"line":47},"6":{"name":"(anonymous_6)","decl":{"start":{"line":49,"column":22},"end":{"line":49,"column":23}},"loc":{"start":{"line":49,"column":28},"end":{"line":49,"column":57}},"line":49},"7":{"name":"(anonymous_7)","decl":{"start":{"line":57,"column":14},"end":{"line":57,"column":15}},"loc":{"start":{"line":57,"column":20},"end":{"line":82,"column":1}},"line":57},"8":{"name":"(anonymous_8)","decl":{"start":{"line":84,"column":15},"end":{"line":84,"column":16}},"loc":{"start":{"line":84,"column":21},"end":{"line":112,"column":1}},"line":84},"9":{"name":"(anonymous_9)","decl":{"start":{"line":114,"column":21},"end":{"line":114,"column":22}},"loc":{"start":{"line":114,"column":27},"end":{"line":138,"column":1}},"line":114}},"branchMap":{"0":{"loc":{"start":{"line":39,"column":8},"end":{"line":39,"column":62}},"type":"cond-expr","locations":[{"start":{"line":39,"column":41},"end":{"line":39,"column":55}},{"start":{"line":39,"column":58},"end":{"line":39,"column":62}}],"line":39}},"s":{"0":1,"1":1,"2":1,"3":0,"4":0,"5":0,"6":1,"7":0,"8":0,"9":1,"10":0,"11":0,"12":0,"13":1,"14":0,"15":1,"16":0,"17":1,"18":0},"f":{"0":0,"1":0,"2":0,"3":0,"4":0,"5":0,"6":0,"7":0,"8":0,"9":0},"b":{"0":[0,0]},"_coverageSchema":"43e27e138ebf9cfc5966b082cf9a028302ed4184","hash":"b5114788f04e25bd562084ac15166f55a7530d10"}
,"C:\\ReactDesignPatterns\\design-patterns\\src\\components\\containerAndPresentnlComp\\Container.js": {"path":"C:\\ReactDesignPatterns\\design-patterns\\src\\components\\containerAndPresentnlComp\\Container.js","statementMap":{"0":{"start":{"line":5,"column":38},"end":{"line":5,"column":50}},"1":{"start":{"line":6,"column":40},"end":{"line":6,"column":52}},"2":{"start":{"line":7,"column":36},"end":{"line":7,"column":48}},"3":{"start":{"line":9,"column":4},"end":{"line":20,"column":6}}},"fnMap":{"0":{"name":"Container","decl":{"start":{"line":4,"column":9},"end":{"line":4,"column":18}},"loc":{"start":{"line":4,"column":21},"end":{"line":21,"column":5}},"line":4}},"branchMap":{},"s":{"0":0,"1":0,"2":0,"3":0},"f":{"0":0},"b":{},"_coverageSchema":"43e27e138ebf9cfc5966b082cf9a028302ed4184","hash":"15c3d7fb844b4b6478f5cf630c14d03aee0b32f8"}
,"C:\\ReactDesignPatterns\\design-patterns\\src\\components\\containerAndPresentnlComp\\Presentational.js": {"path":"C:\\ReactDesignPatterns\\design-patterns\\src\\components\\containerAndPresentnlComp\\Presentational.js","statementMap":{"0":{"start":{"line":13,"column":4},"end":{"line":35,"column":6}},"1":{"start":{"line":19,"column":30},"end":{"line":19,"column":58}},"2":{"start":{"line":22,"column":34},"end":{"line":22,"column":63}},"3":{"start":{"line":24,"column":34},"end":{"line":24,"column":61}}},"fnMap":{"0":{"name":"PresentationalComp","decl":{"start":{"line":3,"column":9},"end":{"line":3,"column":27}},"loc":{"start":{"line":10,"column":7},"end":{"line":36,"column":1}},"line":10},"1":{"name":"(anonymous_1)","decl":{"start":{"line":19,"column":25},"end":{"line":19,"column":26}},"loc":{"start":{"line":19,"column":30},"end":{"line":19,"column":58}},"line":19},"2":{"name":"(anonymous_2)","decl":{"start":{"line":22,"column":29},"end":{"line":22,"column":30}},"loc":{"start":{"line":22,"column":34},"end":{"line":22,"column":63}},"line":22},"3":{"name":"(anonymous_3)","decl":{"start":{"line":24,"column":29},"end":{"line":24,"column":30}},"loc":{"start":{"line":24,"column":34},"end":{"line":24,"column":61}},"line":24}},"branchMap":{},"s":{"0":0,"1":0,"2":0,"3":0},"f":{"0":0,"1":0,"2":0,"3":0},"b":{},"_coverageSchema":"43e27e138ebf9cfc5966b082cf9a028302ed4184","hash":"5c6469b6391e91ec67fba28d6207e122beb043e6"}
,"C:\\ReactDesignPatterns\\design-patterns\\src\\components\\contextcomp\\ContextComp.js": {"path":"C:\\ReactDesignPatterns\\design-patterns\\src\\components\\contextcomp\\ContextComp.js","statementMap":{"0":{"start":{"line":7,"column":2},"end":{"line":11,"column":4}},"1":{"start":{"line":16,"column":4},"end":{"line":16,"column":17}},"2":{"start":{"line":17,"column":4},"end":{"line":19,"column":6}},"3":{"start":{"line":21,"column":4},"end":{"line":28,"column":6}},"4":{"start":{"line":22,"column":6},"end":{"line":27,"column":10}},"5":{"start":{"line":22,"column":30},"end":{"line":27,"column":7}},"6":{"start":{"line":35,"column":4},"end":{"line":44,"column":6}}},"fnMap":{"0":{"name":"Toolbar","decl":{"start":{"line":6,"column":9},"end":{"line":6,"column":16}},"loc":{"start":{"line":6,"column":24},"end":{"line":12,"column":1}},"line":6},"1":{"name":"(anonymous_1)","decl":{"start":{"line":15,"column":2},"end":{"line":15,"column":3}},"loc":{"start":{"line":15,"column":21},"end":{"line":29,"column":3}},"line":15},"2":{"name":"(anonymous_2)","decl":{"start":{"line":21,"column":23},"end":{"line":21,"column":24}},"loc":{"start":{"line":21,"column":29},"end":{"line":28,"column":5}},"line":21},"3":{"name":"(anonymous_3)","decl":{"start":{"line":22,"column":20},"end":{"line":22,"column":21}},"loc":{"start":{"line":22,"column":30},"end":{"line":27,"column":7}},"line":22},"4":{"name":"(anonymous_4)","decl":{"start":{"line":31,"column":2},"end":{"line":31,"column":3}},"loc":{"start":{"line":31,"column":11},"end":{"line":45,"column":3}},"line":31}},"branchMap":{"0":{"loc":{"start":{"line":24,"column":10},"end":{"line":26,"column":25}},"type":"cond-expr","locations":[{"start":{"line":25,"column":14},"end":{"line":25,"column":26}},{"start":{"line":26,"column":14},"end":{"line":26,"column":25}}],"line":24}},"s":{"0":0,"1":0,"2":0,"3":0,"4":0,"5":0,"6":0},"f":{"0":0,"1":0,"2":0,"3":0,"4":0},"b":{"0":[0,0]},"_coverageSchema":"43e27e138ebf9cfc5966b082cf9a028302ed4184","hash":"ce0f844d420a61543b35fcdad385dc07432f9801"}
,"C:\\ReactDesignPatterns\\design-patterns\\src\\components\\errorBoundary\\ErrorBoundary.js": {"path":"C:\\ReactDesignPatterns\\design-patterns\\src\\components\\errorBoundary\\ErrorBoundary.js","statementMap":{"0":{"start":{"line":3,"column":12},"end":{"line":5,"column":5}},"1":{"start":{"line":7,"column":6},"end":{"line":7,"column":45}},"2":{"start":{"line":10,"column":6},"end":{"line":10,"column":68}},"3":{"start":{"line":13,"column":25},"end":{"line":13,"column":36}},"4":{"start":{"line":15,"column":6},"end":{"line":21,"column":7}},"5":{"start":{"line":16,"column":8},"end":{"line":20,"column":9}},"6":{"start":{"line":22,"column":6},"end":{"line":22,"column":32}},"7":{"start":{"line":27,"column":12},"end":{"line":29,"column":7}},"8":{"start":{"line":30,"column":20},"end":{"line":34,"column":7}},"9":{"start":{"line":31,"column":8},"end":{"line":33,"column":11}},"10":{"start":{"line":36,"column":8},"end":{"line":39,"column":5}},"11":{"start":{"line":38,"column":6},"end":{"line":38,"column":36}},"12":{"start":{"line":40,"column":8},"end":{"line":45,"column":10}},"13":{"start":{"line":51,"column":24},"end":{"line":51,"column":54}},"14":{"start":{"line":51,"column":30},"end":{"line":51,"column":54}},"15":{"start":{"line":52,"column":4},"end":{"line":62,"column":6}}},"fnMap":{"0":{"name":"(anonymous_0)","decl":{"start":{"line":6,"column":4},"end":{"line":6,"column":5}},"loc":{"start":{"line":6,"column":43},"end":{"line":8,"column":5}},"line":6},"1":{"name":"(anonymous_1)","decl":{"start":{"line":9,"column":4},"end":{"line":9,"column":5}},"loc":{"start":{"line":9,"column":35},"end":{"line":11,"column":5}},"line":9},"2":{"name":"(anonymous_2)","decl":{"start":{"line":14,"column":4},"end":{"line":14,"column":5}},"loc":{"start":{"line":14,"column":13},"end":{"line":23,"column":5}},"line":14},"3":{"name":"(anonymous_3)","decl":{"start":{"line":30,"column":20},"end":{"line":30,"column":21}},"loc":{"start":{"line":30,"column":26},"end":{"line":34,"column":7}},"line":30},"4":{"name":"(anonymous_4)","decl":{"start":{"line":35,"column":6},"end":{"line":35,"column":7}},"loc":{"start":{"line":35,"column":15},"end":{"line":46,"column":7}},"line":35},"5":{"name":"ErrorBoundary","decl":{"start":{"line":49,"column":13},"end":{"line":49,"column":26}},"loc":{"start":{"line":49,"column":29},"end":{"line":63,"column":3}},"line":49},"6":{"name":"(anonymous_6)","decl":{"start":{"line":51,"column":24},"end":{"line":51,"column":25}},"loc":{"start":{"line":51,"column":30},"end":{"line":51,"column":54}},"line":51}},"branchMap":{"0":{"loc":{"start":{"line":15,"column":6},"end":{"line":21,"column":7}},"type":"if","locations":[{"start":{"line":15,"column":6},"end":{"line":21,"column":7}},{"start":{"line":15,"column":6},"end":{"line":21,"column":7}}],"line":15},"1":{"loc":{"start":{"line":36,"column":8},"end":{"line":39,"column":5}},"type":"if","locations":[{"start":{"line":36,"column":8},"end":{"line":39,"column":5}},{"start":{"line":36,"column":8},"end":{"line":39,"column":5}}],"line":36}},"s":{"0":0,"1":0,"2":0,"3":0,"4":0,"5":0,"6":0,"7":0,"8":0,"9":0,"10":0,"11":0,"12":0,"13":0,"14":0,"15":0},"f":{"0":0,"1":0,"2":0,"3":0,"4":0,"5":0,"6":0},"b":{"0":[0,0],"1":[0,0]},"_coverageSchema":"43e27e138ebf9cfc5966b082cf9a028302ed4184","hash":"127c98028b78cd4d0dc22129535963814af4120a"}
,"C:\\ReactDesignPatterns\\design-patterns\\src\\components\\pages\\Home.js": {"path":"C:\\ReactDesignPatterns\\design-patterns\\src\\components\\pages\\Home.js","statementMap":{"0":{"start":{"line":5,"column":4},"end":{"line":10,"column":18}}},"fnMap":{"0":{"name":"Home","decl":{"start":{"line":4,"column":24},"end":{"line":4,"column":28}},"loc":{"start":{"line":4,"column":31},"end":{"line":11,"column":1}},"line":4}},"branchMap":{},"s":{"0":0},"f":{"0":0},"b":{},"_coverageSchema":"43e27e138ebf9cfc5966b082cf9a028302ed4184","hash":"672872679214e3b28753104e58ad2770413bf6ff"}
,"C:\\ReactDesignPatterns\\design-patterns\\src\\components\\pages\\Login.js": {"path":"C:\\ReactDesignPatterns\\design-patterns\\src\\components\\pages\\Login.js","statementMap":{"0":{"start":{"line":5,"column":13},"end":{"line":19,"column":1}},"1":{"start":{"line":24,"column":37},"end":{"line":24,"column":72}},"2":{"start":{"line":25,"column":33},"end":{"line":25,"column":48}},"3":{"start":{"line":30,"column":8},"end":{"line":30,"column":20}},"4":{"start":{"line":31,"column":8},"end":{"line":34,"column":11}},"5":{"start":{"line":31,"column":26},"end":{"line":34,"column":9}},"6":{"start":{"line":38,"column":8},"end":{"line":38,"column":27}},"7":{"start":{"line":39,"column":8},"end":{"line":39,"column":25}},"8":{"start":{"line":40,"column":8},"end":{"line":42,"column":15}},"9":{"start":{"line":41,"column":12},"end":{"line":41,"column":30}},"10":{"start":{"line":46,"column":4},"end":{"line":53,"column":9}},"11":{"start":{"line":48,"column":8},"end":{"line":52,"column":9}},"12":{"start":{"line":49,"column":12},"end":{"line":51,"column":13}},"13":{"start":{"line":50,"column":16},"end":{"line":50,"column":38}},"14":{"start":{"line":54,"column":4},"end":{"line":90,"column":18}}},"fnMap":{"0":{"name":"Login","decl":{"start":{"line":22,"column":24},"end":{"line":22,"column":29}},"loc":{"start":{"line":22,"column":32},"end":{"line":91,"column":1}},"line":22},"1":{"name":"handleinputChange","decl":{"start":{"line":29,"column":13},"end":{"line":29,"column":30}},"loc":{"start":{"line":29,"column":33},"end":{"line":35,"column":5}},"line":29},"2":{"name":"(anonymous_2)","decl":{"start":{"line":31,"column":22},"end":{"line":31,"column":23}},"loc":{"start":{"line":31,"column":26},"end":{"line":34,"column":9}},"line":31},"3":{"name":"handleSubmit","decl":{"start":{"line":37,"column":13},"end":{"line":37,"column":25}},"loc":{"start":{"line":37,"column":28},"end":{"line":44,"column":5}},"line":37},"4":{"name":"(anonymous_4)","decl":{"start":{"line":40,"column":29},"end":{"line":40,"column":30}},"loc":{"start":{"line":40,"column":33},"end":{"line":42,"column":9}},"line":40},"5":{"name":"(anonymous_5)","decl":{"start":{"line":46,"column":15},"end":{"line":46,"column":16}},"loc":{"start":{"line":46,"column":19},"end":{"line":53,"column":5}},"line":46},"6":{"name":"(anonymous_6)","decl":{"start":{"line":48,"column":14},"end":{"line":48,"column":15}},"loc":{"start":{"line":48,"column":18},"end":{"line":52,"column":9}},"line":48}},"branchMap":{"0":{"loc":{"start":{"line":49,"column":12},"end":{"line":51,"column":13}},"type":"if","locations":[{"start":{"line":49,"column":12},"end":{"line":51,"column":13}},{"start":{"line":49,"column":12},"end":{"line":51,"column":13}}],"line":49},"1":{"loc":{"start":{"line":60,"column":9},"end":{"line":74,"column":11}},"type":"cond-expr","locations":[{"start":{"line":60,"column":18},"end":{"line":60,"column":28}},{"start":{"line":61,"column":8},"end":{"line":74,"column":11}}],"line":60},"2":{"loc":{"start":{"line":77,"column":13},"end":{"line":77,"column":45}},"type":"cond-expr","locations":[{"start":{"line":77,"column":23},"end":{"line":77,"column":35}},{"start":{"line":77,"column":38},"end":{"line":77,"column":45}}],"line":77},"3":{"loc":{"start":{"line":79,"column":10},"end":{"line":86,"column":11}},"type":"binary-expr","locations":[{"start":{"line":79,"column":10},"end":{"line":79,"column":18}},{"start":{"line":79,"column":22},"end":{"line":86,"column":11}}],"line":79}},"s":{"0":1,"1":0,"2":0,"3":0,"4":0,"5":0,"6":0,"7":0,"8":0,"9":0,"10":0,"11":0,"12":0,"13":0,"14":0},"f":{"0":0,"1":0,"2":0,"3":0,"4":0,"5":0,"6":0},"b":{"0":[0,0],"1":[0,0],"2":[0,0],"3":[0,0]},"_coverageSchema":"43e27e138ebf9cfc5966b082cf9a028302ed4184","hash":"488b7f03bd04fc1e7a5078ca10eac7a183bafbb9"}
,"C:\\ReactDesignPatterns\\design-patterns\\src\\components\\purecomponent\\PureComponent.js": {"path":"C:\\ReactDesignPatterns\\design-patterns\\src\\components\\purecomponent\\PureComponent.js","statementMap":{"0":{"start":{"line":4,"column":7},"end":{"line":4,"column":20}},"1":{"start":{"line":5,"column":7},"end":{"line":11,"column":9}},"2":{"start":{"line":14,"column":7},"end":{"line":18,"column":16}},"3":{"start":{"line":15,"column":10},"end":{"line":17,"column":13}},"4":{"start":{"line":16,"column":13},"end":{"line":16,"column":56}},"5":{"start":{"line":21,"column":7},"end":{"line":21,"column":45}},"6":{"start":{"line":22,"column":7},"end":{"line":29,"column":15}},"7":{"start":{"line":24,"column":13},"end":{"line":27,"column":17}},"8":{"start":{"line":36,"column":7},"end":{"line":36,"column":33}},"9":{"start":{"line":37,"column":7},"end":{"line":39,"column":15}}},"fnMap":{"0":{"name":"(anonymous_0)","decl":{"start":{"line":3,"column":4},"end":{"line":3,"column":5}},"loc":{"start":{"line":3,"column":23},"end":{"line":12,"column":5}},"line":3},"1":{"name":"(anonymous_1)","decl":{"start":{"line":13,"column":4},"end":{"line":13,"column":5}},"loc":{"start":{"line":13,"column":24},"end":{"line":19,"column":5}},"line":13},"2":{"name":"(anonymous_2)","decl":{"start":{"line":14,"column":19},"end":{"line":14,"column":20}},"loc":{"start":{"line":14,"column":25},"end":{"line":18,"column":8}},"line":14},"3":{"name":"(anonymous_3)","decl":{"start":{"line":15,"column":24},"end":{"line":15,"column":25}},"loc":{"start":{"line":15,"column":38},"end":{"line":17,"column":11}},"line":15},"4":{"name":"(anonymous_4)","decl":{"start":{"line":20,"column":4},"end":{"line":20,"column":5}},"loc":{"start":{"line":20,"column":13},"end":{"line":30,"column":5}},"line":20},"5":{"name":"(anonymous_5)","decl":{"start":{"line":23,"column":35},"end":{"line":23,"column":36}},"loc":{"start":{"line":23,"column":48},"end":{"line":28,"column":11}},"line":23},"6":{"name":"(anonymous_6)","decl":{"start":{"line":35,"column":4},"end":{"line":35,"column":5}},"loc":{"start":{"line":35,"column":13},"end":{"line":40,"column":5}},"line":35}},"branchMap":{},"s":{"0":0,"1":0,"2":0,"3":0,"4":0,"5":0,"6":0,"7":0,"8":0,"9":0},"f":{"0":0,"1":0,"2":0,"3":0,"4":0,"5":0,"6":0},"b":{},"_coverageSchema":"43e27e138ebf9cfc5966b082cf9a028302ed4184","hash":"a1818128f36f5680020a796932133978c7a897d4"}
,"C:\\ReactDesignPatterns\\design-patterns\\src\\components\\sytyledcomponent\\StyledComponent.js": {"path":"C:\\ReactDesignPatterns\\design-patterns\\src\\components\\sytyledcomponent\\StyledComponent.js","statementMap":{"0":{"start":{"line":10,"column":20},"end":{"line":18,"column":1}},"1":{"start":{"line":22,"column":26},"end":{"line":22,"column":46}},"2":{"start":{"line":24,"column":2},"end":{"line":44,"column":4}},"3":{"start":{"line":27,"column":6},"end":{"line":27,"column":63}},"4":{"start":{"line":27,"column":20},"end":{"line":27,"column":61}}},"fnMap":{"0":{"name":"StyledComponent","decl":{"start":{"line":20,"column":9},"end":{"line":20,"column":24}},"loc":{"start":{"line":20,"column":27},"end":{"line":45,"column":1}},"line":20},"1":{"name":"(anonymous_1)","decl":{"start":{"line":26,"column":46},"end":{"line":26,"column":47}},"loc":{"start":{"line":26,"column":52},"end":{"line":28,"column":3}},"line":26},"2":{"name":"(anonymous_2)","decl":{"start":{"line":27,"column":15},"end":{"line":27,"column":16}},"loc":{"start":{"line":27,"column":20},"end":{"line":27,"column":61}},"line":27}},"branchMap":{"0":{"loc":{"start":{"line":27,"column":20},"end":{"line":27,"column":61}},"type":"cond-expr","locations":[{"start":{"line":27,"column":39},"end":{"line":27,"column":48}},{"start":{"line":27,"column":51},"end":{"line":27,"column":61}}],"line":27}},"s":{"0":1,"1":0,"2":0,"3":0,"4":0},"f":{"0":0,"1":0,"2":0},"b":{"0":[0,0]},"_coverageSchema":"43e27e138ebf9cfc5966b082cf9a028302ed4184","hash":"3c0b3dfbb29e3e1eeb9795f556e1def16b57cfd8"}
,"C:\\ReactDesignPatterns\\design-patterns\\src\\themes\\dark.js": {"path":"C:\\ReactDesignPatterns\\design-patterns\\src\\themes\\dark.js","statementMap":{"0":{"start":{"line":1,"column":14},"end":{"line":5,"column":3}}},"fnMap":{},"branchMap":{},"s":{"0":1},"f":{},"b":{},"_coverageSchema":"43e27e138ebf9cfc5966b082cf9a028302ed4184","hash":"52feee5a17ee80b8e9dca8b09dc5b7ce4c48ba9b"}
,"C:\\ReactDesignPatterns\\design-patterns\\src\\themes\\light.js": {"path":"C:\\ReactDesignPatterns\\design-patterns\\src\\themes\\light.js","statementMap":{"0":{"start":{"line":1,"column":14},"end":{"line":5,"column":3}}},"fnMap":{},"branchMap":{},"s":{"0":1},"f":{},"b":{},"_coverageSchema":"43e27e138ebf9cfc5966b082cf9a028302ed4184","hash":"d62d08aeddc295fe20a0c54c912983781eb7dd17"}
,"C:\\ReactDesignPatterns\\design-patterns\\src\\themes\\themeContext.js": {"path":"C:\\ReactDesignPatterns\\design-patterns\\src\\themes\\themeContext.js","statementMap":{"0":{"start":{"line":5,"column":22},"end":{"line":14,"column":3}},"1":{"start":{"line":16,"column":30},"end":{"line":18,"column":3}}},"fnMap":{},"branchMap":{},"s":{"0":1,"1":1},"f":{},"b":{},"_coverageSchema":"43e27e138ebf9cfc5966b082cf9a028302ed4184","hash":"9a6cbab1ad70dbcb96a540b356994439896cfb25"}
}
