TN:
SF:C:\ReactDesignPatterns\design-patterns\src\index.js
FNF:0
FNH:0
DA:6,0
DA:16,0
LF:2
LH:0
BRF:0
BRH:0
end_of_record
TN:
SF:C:\ReactDesignPatterns\design-patterns\src\components\App.js
FN:13,App
FNF:1
FNH:1
FNDA:1,App
DA:15,1
LF:1
LH:1
BRF:0
BRH:0
end_of_record
TN:
SF:C:\ReactDesignPatterns\design-patterns\src\components\common\Button.js
FN:5,(anonymous_0)
FN:7,(anonymous_1)
FNF:2
FNH:0
FNDA:0,(anonymous_0)
FNDA:0,(anonymous_1)
DA:3,1
DA:5,0
DA:7,0
LF:3
LH:1
BRDA:5,0,0,0
BRDA:5,0,1,0
BRDA:7,1,0,0
BRDA:7,1,1,0
BRF:4
BRH:0
end_of_record
TN:
SF:C:\ReactDesignPatterns\design-patterns\src\components\common\Header.js
FN:14,(anonymous_0)
FN:14,(anonymous_1)
FN:15,(anonymous_2)
FN:19,(anonymous_3)
FN:27,(anonymous_4)
FN:43,(anonymous_5)
FN:56,(anonymous_6)
FN:76,Header
FN:83,(anonymous_8)
FN:83,(anonymous_9)
FNF:10
FNH:0
FNDA:0,(anonymous_0)
FNDA:0,(anonymous_1)
FNDA:0,(anonymous_2)
FNDA:0,(anonymous_3)
FNDA:0,(anonymous_4)
FNDA:0,(anonymous_5)
FNDA:0,(anonymous_6)
FNDA:0,Header
FNDA:0,(anonymous_8)
FNDA:0,(anonymous_9)
DA:6,1
DA:14,0
DA:15,0
DA:18,1
DA:19,0
DA:27,0
DA:43,1
DA:44,0
DA:50,1
DA:56,0
DA:60,1
DA:77,0
DA:78,0
DA:79,0
DA:81,0
DA:83,0
LF:16
LH:5
BRDA:19,0,0,0
BRDA:19,0,1,0
BRDA:56,1,0,0
BRDA:56,1,1,0
BRF:4
BRH:0
end_of_record
TN:
SF:C:\ReactDesignPatterns\design-patterns\src\components\common\Input.js
FNF:0
FNH:0
DA:3,1
LF:1
LH:1
BRF:0
BRH:0
end_of_record
TN:
SF:C:\ReactDesignPatterns\design-patterns\src\components\common\NavBar.js
FN:4,NavBar
FNF:1
FNH:0
FNDA:0,NavBar
DA:5,0
LF:1
LH:0
BRF:0
BRH:0
end_of_record
TN:
SF:C:\ReactDesignPatterns\design-patterns\src\components\common\PageLayout.js
FN:17,PageLayout
FNF:1
FNH:0
FNDA:0,PageLayout
DA:5,1
DA:18,0
LF:2
LH:1
BRF:0
BRH:0
end_of_record
TN:
SF:C:\ReactDesignPatterns\design-patterns\src\components\common\PasswordInput.js
FN:12,(anonymous_0)
FN:37,PasswordInput
FN:44,(anonymous_2)
FN:44,(anonymous_3)
FNF:4
FNH:0
FNDA:0,(anonymous_0)
FNDA:0,PasswordInput
FNDA:0,(anonymous_2)
FNDA:0,(anonymous_3)
DA:5,1
DA:12,1
DA:20,1
DA:38,0
DA:40,0
DA:44,0
LF:6
LH:3
BRDA:45,0,0,0
BRDA:45,0,1,0
BRDA:48,1,0,0
BRDA:48,1,1,0
BRF:4
BRH:0
end_of_record
TN:
SF:C:\ReactDesignPatterns\design-patterns\src\components\common\Spinner.js
FNF:0
FNH:0
DA:4,1
DA:14,1
LF:2
LH:2
BRF:0
BRH:0
end_of_record
TN:
SF:C:\ReactDesignPatterns\design-patterns\src\components\common\ThemedButton.js
FN:5,(anonymous_0)
FNF:1
FNH:0
FNDA:0,(anonymous_0)
DA:6,0
DA:7,0
DA:8,0
DA:16,1
LF:4
LH:1
BRF:0
BRH:0
end_of_record
TN:
SF:C:\ReactDesignPatterns\design-patterns\src\components\common\Toggle.js
FN:12,(anonymous_0)
FN:12,(anonymous_1)
FN:22,(anonymous_2)
FN:25,Toggle
FNF:4
FNH:0
FNDA:0,(anonymous_0)
FNDA:0,(anonymous_1)
FNDA:0,(anonymous_2)
FNDA:0,Toggle
DA:4,1
DA:12,0
DA:15,1
DA:22,0
DA:26,0
LF:5
LH:2
BRDA:22,0,0,0
BRDA:22,0,1,0
BRF:2
BRH:0
end_of_record
TN:
SF:C:\ReactDesignPatterns\design-patterns\src\components\common\index.js
FNF:0
FNH:0
LF:0
LH:0
BRF:0
BRH:0
end_of_record
TN:
SF:C:\ReactDesignPatterns\design-patterns\src\components\componundcomp\CompoundComp.js
FN:13,(anonymous_0)
FN:20,(anonymous_1)
FN:35,(anonymous_2)
FN:38,(anonymous_3)
FN:45,(anonymous_4)
FN:47,(anonymous_5)
FN:49,(anonymous_6)
FN:57,(anonymous_7)
FN:84,(anonymous_8)
FN:114,(anonymous_9)
FNF:10
FNH:0
FNDA:0,(anonymous_0)
FNDA:0,(anonymous_1)
FNDA:0,(anonymous_2)
FNDA:0,(anonymous_3)
FNDA:0,(anonymous_4)
FNDA:0,(anonymous_5)
FNDA:0,(anonymous_6)
FNDA:0,(anonymous_7)
FNDA:0,(anonymous_8)
FNDA:0,(anonymous_9)
DA:3,1
DA:4,1
DA:5,1
DA:9,0
DA:14,0
DA:21,0
DA:35,1
DA:36,0
DA:39,0
DA:45,1
DA:46,0
DA:48,0
DA:49,0
DA:57,1
DA:58,0
DA:84,1
DA:85,0
DA:114,1
DA:115,0
LF:19
LH:8
BRDA:39,0,0,0
BRDA:39,0,1,0
BRF:2
BRH:0
end_of_record
TN:
SF:C:\ReactDesignPatterns\design-patterns\src\components\containerAndPresentnlComp\Container.js
FN:4,Container
FNF:1
FNH:0
FNDA:0,Container
DA:5,0
DA:6,0
DA:7,0
DA:9,0
LF:4
LH:0
BRF:0
BRH:0
end_of_record
TN:
SF:C:\ReactDesignPatterns\design-patterns\src\components\containerAndPresentnlComp\Presentational.js
FN:3,PresentationalComp
FN:19,(anonymous_1)
FN:22,(anonymous_2)
FN:24,(anonymous_3)
FNF:4
FNH:0
FNDA:0,PresentationalComp
FNDA:0,(anonymous_1)
FNDA:0,(anonymous_2)
FNDA:0,(anonymous_3)
DA:13,0
DA:19,0
DA:22,0
DA:24,0
LF:4
LH:0
BRF:0
BRH:0
end_of_record
TN:
SF:C:\ReactDesignPatterns\design-patterns\src\components\contextcomp\ContextComp.js
FN:6,Toolbar
FN:15,(anonymous_1)
FN:21,(anonymous_2)
FN:22,(anonymous_3)
FN:31,(anonymous_4)
FNF:5
FNH:0
FNDA:0,Toolbar
FNDA:0,(anonymous_1)
FNDA:0,(anonymous_2)
FNDA:0,(anonymous_3)
FNDA:0,(anonymous_4)
DA:7,0
DA:16,0
DA:17,0
DA:21,0
DA:22,0
DA:35,0
LF:6
LH:0
BRDA:24,0,0,0
BRDA:24,0,1,0
BRF:2
BRH:0
end_of_record
TN:
SF:C:\ReactDesignPatterns\design-patterns\src\components\errorBoundary\ErrorBoundary.js
FN:6,(anonymous_0)
FN:9,(anonymous_1)
FN:14,(anonymous_2)
FN:30,(anonymous_3)
FN:35,(anonymous_4)
FN:49,ErrorBoundary
FN:51,(anonymous_6)
FNF:7
FNH:0
FNDA:0,(anonymous_0)
FNDA:0,(anonymous_1)
FNDA:0,(anonymous_2)
FNDA:0,(anonymous_3)
FNDA:0,(anonymous_4)
FNDA:0,ErrorBoundary
FNDA:0,(anonymous_6)
DA:3,0
DA:7,0
DA:10,0
DA:13,0
DA:15,0
DA:16,0
DA:22,0
DA:27,0
DA:30,0
DA:31,0
DA:36,0
DA:38,0
DA:40,0
DA:51,0
DA:52,0
LF:15
LH:0
BRDA:15,0,0,0
BRDA:15,0,1,0
BRDA:36,1,0,0
BRDA:36,1,1,0
BRF:4
BRH:0
end_of_record
TN:
SF:C:\ReactDesignPatterns\design-patterns\src\components\pages\Home.js
FN:4,Home
FNF:1
FNH:0
FNDA:0,Home
DA:5,0
LF:1
LH:0
BRF:0
BRH:0
end_of_record
TN:
SF:C:\ReactDesignPatterns\design-patterns\src\components\pages\Login.js
FN:22,Login
FN:29,handleinputChange
FN:31,(anonymous_2)
FN:37,handleSubmit
FN:40,(anonymous_4)
FN:46,(anonymous_5)
FN:48,(anonymous_6)
FNF:7
FNH:0
FNDA:0,Login
FNDA:0,handleinputChange
FNDA:0,(anonymous_2)
FNDA:0,handleSubmit
FNDA:0,(anonymous_4)
FNDA:0,(anonymous_5)
FNDA:0,(anonymous_6)
DA:5,1
DA:24,0
DA:25,0
DA:30,0
DA:31,0
DA:38,0
DA:39,0
DA:40,0
DA:41,0
DA:46,0
DA:48,0
DA:49,0
DA:50,0
DA:54,0
LF:14
LH:1
BRDA:49,0,0,0
BRDA:49,0,1,0
BRDA:60,1,0,0
BRDA:60,1,1,0
BRDA:77,2,0,0
BRDA:77,2,1,0
BRDA:79,3,0,0
BRDA:79,3,1,0
BRF:8
BRH:0
end_of_record
TN:
SF:C:\ReactDesignPatterns\design-patterns\src\components\purecomponent\PureComponent.js
FN:3,(anonymous_0)
FN:13,(anonymous_1)
FN:14,(anonymous_2)
FN:15,(anonymous_3)
FN:20,(anonymous_4)
FN:23,(anonymous_5)
FN:35,(anonymous_6)
FNF:7
FNH:0
FNDA:0,(anonymous_0)
FNDA:0,(anonymous_1)
FNDA:0,(anonymous_2)
FNDA:0,(anonymous_3)
FNDA:0,(anonymous_4)
FNDA:0,(anonymous_5)
FNDA:0,(anonymous_6)
DA:4,0
DA:5,0
DA:14,0
DA:15,0
DA:16,0
DA:21,0
DA:22,0
DA:24,0
DA:36,0
DA:37,0
LF:10
LH:0
BRF:0
BRH:0
end_of_record
TN:
SF:C:\ReactDesignPatterns\design-patterns\src\components\sytyledcomponent\StyledComponent.js
FN:20,StyledComponent
FN:26,(anonymous_1)
FN:27,(anonymous_2)
FNF:3
FNH:0
FNDA:0,StyledComponent
FNDA:0,(anonymous_1)
FNDA:0,(anonymous_2)
DA:10,1
DA:22,0
DA:24,0
DA:27,0
LF:4
LH:1
BRDA:27,0,0,0
BRDA:27,0,1,0
BRF:2
BRH:0
end_of_record
TN:
SF:C:\ReactDesignPatterns\design-patterns\src\themes\dark.js
FNF:0
FNH:0
DA:1,1
LF:1
LH:1
BRF:0
BRH:0
end_of_record
TN:
SF:C:\ReactDesignPatterns\design-patterns\src\themes\light.js
FNF:0
FNH:0
DA:1,1
LF:1
LH:1
BRF:0
BRH:0
end_of_record
TN:
SF:C:\ReactDesignPatterns\design-patterns\src\themes\themeContext.js
FNF:0
FNH:0
DA:5,1
DA:16,1
LF:2
LH:2
BRF:0
BRH:0
end_of_record
